[2022-08-31 13:44:27:163875447][SpringApplicationShutdownHook] INFO  o.s.o.j.LocalContainerEntityManagerFactoryBean - Closing JPA EntityManagerFactory for persistence unit 'default'
[2022-08-31 13:44:27:163875450][SpringApplicationShutdownHook] INFO  com.zaxxer.hikari.HikariDataSource - HikariPool-1 - Shutdown initiated...
[2022-08-31 13:44:29:163876856][SpringApplicationShutdownHook] INFO  com.zaxxer.hikari.HikariDataSource - HikariPool-1 - Shutdown completed.
[2022-08-31 13:44:33:209][restartedMain] INFO  com.toyproject.demo.DemoApplication - Starting DemoApplication using Java 18.0.1.1 on yangbyoungseok-ui-MacBookPro.local with PID 25511 (/Users/yangbyoungseok/IdeaProjects/DSFToyProject/build/classes/java/main started by yangbyoungseok in /Users/yangbyoungseok/IdeaProjects/DSFToyProject)
[2022-08-31 13:44:33:209][restartedMain] INFO  com.toyproject.demo.DemoApplication - No active profile set, falling back to 1 default profile: "default"
[2022-08-31 13:44:33:228][restartedMain] INFO  o.s.b.d.e.DevToolsPropertyDefaultsPostProcessor - Devtools property defaults active! Set 'spring.devtools.add-properties' to 'false' to disable
[2022-08-31 13:44:33:228][restartedMain] INFO  o.s.b.d.e.DevToolsPropertyDefaultsPostProcessor - For additional web related logging consider setting the 'logging.level.web' property to 'DEBUG'
[2022-08-31 13:44:33:460][restartedMain] INFO  o.s.d.r.c.RepositoryConfigurationDelegate - Bootstrapping Spring Data JPA repositories in DEFAULT mode.
[2022-08-31 13:44:33:467][restartedMain] INFO  o.s.d.r.c.RepositoryConfigurationDelegate - Finished Spring Data repository scanning in 4 ms. Found 0 JPA repository interfaces.
[2022-08-31 13:44:34:674][restartedMain] INFO  o.s.b.w.e.tomcat.TomcatWebServer - Tomcat initialized with port(s): 8080 (http)
[2022-08-31 13:44:34:678][restartedMain] INFO  o.a.coyote.http11.Http11NioProtocol - Initializing ProtocolHandler ["http-nio-8080"]
[2022-08-31 13:44:34:679][restartedMain] INFO  o.a.catalina.core.StandardService - Starting service [Tomcat]
[2022-08-31 13:44:34:679][restartedMain] INFO  o.a.catalina.core.StandardEngine - Starting Servlet engine: [Apache Tomcat/9.0.63]
[2022-08-31 13:44:34:703][restartedMain] INFO  o.a.c.c.C.[Tomcat].[localhost].[/] - Initializing Spring embedded WebApplicationContext
[2022-08-31 13:44:34:703][restartedMain] INFO  o.s.b.w.s.c.ServletWebServerApplicationContext - Root WebApplicationContext: initialization completed in 474 ms
[2022-08-31 13:44:34:771][restartedMain] INFO  o.h.jpa.internal.util.LogHelper - HHH000204: Processing PersistenceUnitInfo [name: default]
[2022-08-31 13:44:34:785][restartedMain] INFO  org.hibernate.Version - HHH000412: Hibernate ORM core version 5.6.9.Final
[2022-08-31 13:44:34:838][restartedMain] INFO  o.h.annotations.common.Version - HCANN000001: Hibernate Commons Annotations {5.1.2.Final}
[2022-08-31 13:44:34:874][restartedMain] INFO  com.zaxxer.hikari.HikariDataSource - HikariPool-1 - Starting...
[2022-08-31 13:44:36:2775][restartedMain] INFO  com.zaxxer.hikari.HikariDataSource - HikariPool-1 - Start completed.
[2022-08-31 13:44:36:2784][restartedMain] INFO  org.hibernate.dialect.Dialect - HHH000400: Using dialect: org.hibernate.dialect.MySQL8Dialect
[2022-08-31 13:44:37:4264][restartedMain] INFO  o.h.e.t.j.p.i.JtaPlatformInitiator - HHH000490: Using JtaPlatform implementation: [org.hibernate.engine.transaction.jta.platform.internal.NoJtaPlatform]
[2022-08-31 13:44:37:4271][restartedMain] INFO  o.s.o.j.LocalContainerEntityManagerFactoryBean - Initialized JPA EntityManagerFactory for persistence unit 'default'
[2022-08-31 13:44:37:4468][restartedMain] INFO  o.s.b.d.a.OptionalLiveReloadServer - LiveReload server is running on port 35729
[2022-08-31 13:44:37:4477][restartedMain] INFO  o.a.coyote.http11.Http11NioProtocol - Starting ProtocolHandler ["http-nio-8080"]
[2022-08-31 13:44:37:4484][restartedMain] INFO  o.s.b.w.e.tomcat.TomcatWebServer - Tomcat started on port(s): 8080 (http) with context path ''
[2022-08-31 13:44:38:4491][restartedMain] INFO  com.toyproject.demo.DemoApplication - Started DemoApplication in 4.412 seconds (JVM running for 4.819)
[2022-08-31 13:44:48:15275][http-nio-8080-exec-2] INFO  o.a.c.c.C.[Tomcat].[localhost].[/] - Initializing Spring DispatcherServlet 'dispatcherServlet'
[2022-08-31 13:44:48:15275][http-nio-8080-exec-2] INFO  o.s.web.servlet.DispatcherServlet - Initializing Servlet 'dispatcherServlet'
[2022-08-31 13:44:48:15276][http-nio-8080-exec-2] INFO  o.s.web.servlet.DispatcherServlet - Completed initialization in 1 ms
[2022-08-31 13:44:49:16345][http-nio-8080-exec-2] INFO  c.t.demo.controller.LoginController - Member join 실행 정상적으로 이뤄짐.
[2022-08-31 13:45:14:41079][http-nio-8080-exec-4] INFO  c.t.demo.controller.LoginController - ID: root@root.com가 로그인 시도
[2022-08-31 13:46:19:105683][SpringApplicationShutdownHook] INFO  o.s.o.j.LocalContainerEntityManagerFactoryBean - Closing JPA EntityManagerFactory for persistence unit 'default'
[2022-08-31 13:46:19:105685][SpringApplicationShutdownHook] INFO  com.zaxxer.hikari.HikariDataSource - HikariPool-1 - Shutdown initiated...
[2022-08-31 13:46:20:107047][SpringApplicationShutdownHook] INFO  com.zaxxer.hikari.HikariDataSource - HikariPool-1 - Shutdown completed.
[2022-08-31 13:46:22:234][restartedMain] INFO  com.toyproject.demo.DemoApplication - Starting DemoApplication using Java 18.0.1.1 on yangbyoungseok-ui-MacBookPro.local with PID 25530 (/Users/yangbyoungseok/IdeaProjects/DSFToyProject/build/classes/java/main started by yangbyoungseok in /Users/yangbyoungseok/IdeaProjects/DSFToyProject)
[2022-08-31 13:46:22:234][restartedMain] INFO  com.toyproject.demo.DemoApplication - No active profile set, falling back to 1 default profile: "default"
[2022-08-31 13:46:22:253][restartedMain] INFO  o.s.b.d.e.DevToolsPropertyDefaultsPostProcessor - Devtools property defaults active! Set 'spring.devtools.add-properties' to 'false' to disable
[2022-08-31 13:46:22:253][restartedMain] INFO  o.s.b.d.e.DevToolsPropertyDefaultsPostProcessor - For additional web related logging consider setting the 'logging.level.web' property to 'DEBUG'
[2022-08-31 13:46:22:476][restartedMain] INFO  o.s.d.r.c.RepositoryConfigurationDelegate - Bootstrapping Spring Data JPA repositories in DEFAULT mode.
[2022-08-31 13:46:22:485][restartedMain] INFO  o.s.d.r.c.RepositoryConfigurationDelegate - Finished Spring Data repository scanning in 4 ms. Found 0 JPA repository interfaces.
[2022-08-31 13:46:22:679][restartedMain] INFO  o.s.b.w.e.tomcat.TomcatWebServer - Tomcat initialized with port(s): 8080 (http)
[2022-08-31 13:46:22:683][restartedMain] INFO  o.a.coyote.http11.Http11NioProtocol - Initializing ProtocolHandler ["http-nio-8080"]
[2022-08-31 13:46:22:683][restartedMain] INFO  o.a.catalina.core.StandardService - Starting service [Tomcat]
[2022-08-31 13:46:22:683][restartedMain] INFO  o.a.catalina.core.StandardEngine - Starting Servlet engine: [Apache Tomcat/9.0.63]
[2022-08-31 13:46:22:706][restartedMain] INFO  o.a.c.c.C.[Tomcat].[localhost].[/] - Initializing Spring embedded WebApplicationContext
[2022-08-31 13:46:22:707][restartedMain] INFO  o.s.b.w.s.c.ServletWebServerApplicationContext - Root WebApplicationContext: initialization completed in 453 ms
[2022-08-31 13:46:22:769][restartedMain] INFO  o.h.jpa.internal.util.LogHelper - HHH000204: Processing PersistenceUnitInfo [name: default]
[2022-08-31 13:46:22:783][restartedMain] INFO  org.hibernate.Version - HHH000412: Hibernate ORM core version 5.6.9.Final
[2022-08-31 13:46:22:834][restartedMain] INFO  o.h.annotations.common.Version - HCANN000001: Hibernate Commons Annotations {5.1.2.Final}
[2022-08-31 13:46:22:864][restartedMain] INFO  com.zaxxer.hikari.HikariDataSource - HikariPool-1 - Starting...
[2022-08-31 13:46:24:2760][restartedMain] INFO  com.zaxxer.hikari.HikariDataSource - HikariPool-1 - Start completed.
[2022-08-31 13:46:24:2773][restartedMain] INFO  org.hibernate.dialect.Dialect - HHH000400: Using dialect: org.hibernate.dialect.MySQL8Dialect
[2022-08-31 13:46:26:4174][restartedMain] INFO  o.h.e.t.j.p.i.JtaPlatformInitiator - HHH000490: Using JtaPlatform implementation: [org.hibernate.engine.transaction.jta.platform.internal.NoJtaPlatform]
[2022-08-31 13:46:26:4183][restartedMain] INFO  o.s.o.j.LocalContainerEntityManagerFactoryBean - Initialized JPA EntityManagerFactory for persistence unit 'default'
[2022-08-31 13:46:26:4423][restartedMain] INFO  o.s.b.d.a.OptionalLiveReloadServer - LiveReload server is running on port 35729
[2022-08-31 13:46:26:4431][restartedMain] INFO  o.a.coyote.http11.Http11NioProtocol - Starting ProtocolHandler ["http-nio-8080"]
[2022-08-31 13:46:26:4437][restartedMain] INFO  o.s.b.w.e.tomcat.TomcatWebServer - Tomcat started on port(s): 8080 (http) with context path ''
[2022-08-31 13:46:26:4443][restartedMain] INFO  com.toyproject.demo.DemoApplication - Started DemoApplication in 4.359 seconds (JVM running for 4.609)
[2022-08-31 13:46:27:5369][http-nio-8080-exec-1] INFO  o.a.c.c.C.[Tomcat].[localhost].[/] - Initializing Spring DispatcherServlet 'dispatcherServlet'
[2022-08-31 13:46:27:5369][http-nio-8080-exec-1] INFO  o.s.web.servlet.DispatcherServlet - Initializing Servlet 'dispatcherServlet'
[2022-08-31 13:46:27:5370][http-nio-8080-exec-1] INFO  o.s.web.servlet.DispatcherServlet - Completed initialization in 0 ms
[2022-08-31 13:46:28:6371][http-nio-8080-exec-1] INFO  c.t.demo.controller.LoginController - Member join 실행 정상적으로 이뤄짐.
[2022-08-31 13:46:32:10163][http-nio-8080-exec-3] INFO  c.t.demo.controller.LoginController - ID: root@root.com가 로그인 시도
[2022-08-31 13:47:24:62939][SpringApplicationShutdownHook] INFO  o.s.o.j.LocalContainerEntityManagerFactoryBean - Closing JPA EntityManagerFactory for persistence unit 'default'
[2022-08-31 13:47:24:62941][SpringApplicationShutdownHook] INFO  com.zaxxer.hikari.HikariDataSource - HikariPool-1 - Shutdown initiated...
[2022-08-31 13:47:26:64319][SpringApplicationShutdownHook] INFO  com.zaxxer.hikari.HikariDataSource - HikariPool-1 - Shutdown completed.
[2022-08-31 13:47:27:217][restartedMain] INFO  com.toyproject.demo.DemoApplication - Starting DemoApplication using Java 18.0.1.1 on yangbyoungseok-ui-MacBookPro.local with PID 25539 (/Users/yangbyoungseok/IdeaProjects/DSFToyProject/build/classes/java/main started by yangbyoungseok in /Users/yangbyoungseok/IdeaProjects/DSFToyProject)
[2022-08-31 13:47:27:217][restartedMain] INFO  com.toyproject.demo.DemoApplication - No active profile set, falling back to 1 default profile: "default"
[2022-08-31 13:47:27:236][restartedMain] INFO  o.s.b.d.e.DevToolsPropertyDefaultsPostProcessor - Devtools property defaults active! Set 'spring.devtools.add-properties' to 'false' to disable
[2022-08-31 13:47:27:236][restartedMain] INFO  o.s.b.d.e.DevToolsPropertyDefaultsPostProcessor - For additional web related logging consider setting the 'logging.level.web' property to 'DEBUG'
[2022-08-31 13:47:27:442][restartedMain] INFO  o.s.d.r.c.RepositoryConfigurationDelegate - Bootstrapping Spring Data JPA repositories in DEFAULT mode.
[2022-08-31 13:47:27:450][restartedMain] INFO  o.s.d.r.c.RepositoryConfigurationDelegate - Finished Spring Data repository scanning in 4 ms. Found 0 JPA repository interfaces.
[2022-08-31 13:47:28:673][restartedMain] INFO  o.s.b.w.e.tomcat.TomcatWebServer - Tomcat initialized with port(s): 8080 (http)
[2022-08-31 13:47:28:677][restartedMain] INFO  o.a.coyote.http11.Http11NioProtocol - Initializing ProtocolHandler ["http-nio-8080"]
[2022-08-31 13:47:28:677][restartedMain] INFO  o.a.catalina.core.StandardService - Starting service [Tomcat]
[2022-08-31 13:47:28:677][restartedMain] INFO  o.a.catalina.core.StandardEngine - Starting Servlet engine: [Apache Tomcat/9.0.63]
[2022-08-31 13:47:28:699][restartedMain] INFO  o.a.c.c.C.[Tomcat].[localhost].[/] - Initializing Spring embedded WebApplicationContext
[2022-08-31 13:47:28:699][restartedMain] INFO  o.s.b.w.s.c.ServletWebServerApplicationContext - Root WebApplicationContext: initialization completed in 463 ms
[2022-08-31 13:47:28:762][restartedMain] INFO  o.h.jpa.internal.util.LogHelper - HHH000204: Processing PersistenceUnitInfo [name: default]
[2022-08-31 13:47:28:777][restartedMain] INFO  org.hibernate.Version - HHH000412: Hibernate ORM core version 5.6.9.Final
[2022-08-31 13:47:28:823][restartedMain] INFO  o.h.annotations.common.Version - HCANN000001: Hibernate Commons Annotations {5.1.2.Final}
[2022-08-31 13:47:28:846][restartedMain] INFO  com.zaxxer.hikari.HikariDataSource - HikariPool-1 - Starting...
[2022-08-31 13:47:30:3231][restartedMain] INFO  com.zaxxer.hikari.HikariDataSource - HikariPool-1 - Start completed.
[2022-08-31 13:47:30:3247][restartedMain] INFO  org.hibernate.dialect.Dialect - HHH000400: Using dialect: org.hibernate.dialect.MySQL8Dialect
[2022-08-31 13:47:31:4626][restartedMain] INFO  o.h.e.t.j.p.i.JtaPlatformInitiator - HHH000490: Using JtaPlatform implementation: [org.hibernate.engine.transaction.jta.platform.internal.NoJtaPlatform]
[2022-08-31 13:47:31:4630][restartedMain] INFO  o.s.o.j.LocalContainerEntityManagerFactoryBean - Initialized JPA EntityManagerFactory for persistence unit 'default'
[2022-08-31 13:47:32:4820][restartedMain] INFO  o.s.b.d.a.OptionalLiveReloadServer - LiveReload server is running on port 35729
[2022-08-31 13:47:32:4829][restartedMain] INFO  o.a.coyote.http11.Http11NioProtocol - Starting ProtocolHandler ["http-nio-8080"]
[2022-08-31 13:47:32:4836][restartedMain] INFO  o.s.b.w.e.tomcat.TomcatWebServer - Tomcat started on port(s): 8080 (http) with context path ''
[2022-08-31 13:47:32:4841][restartedMain] INFO  com.toyproject.demo.DemoApplication - Started DemoApplication in 4.765 seconds (JVM running for 4.979)
[2022-08-31 13:47:33:5843][http-nio-8080-exec-1] INFO  o.a.c.c.C.[Tomcat].[localhost].[/] - Initializing Spring DispatcherServlet 'dispatcherServlet'
[2022-08-31 13:47:33:5843][http-nio-8080-exec-1] INFO  o.s.web.servlet.DispatcherServlet - Initializing Servlet 'dispatcherServlet'
[2022-08-31 13:47:33:5844][http-nio-8080-exec-1] INFO  o.s.web.servlet.DispatcherServlet - Completed initialization in 1 ms
[2022-08-31 13:47:34:6978][http-nio-8080-exec-1] INFO  c.t.demo.controller.LoginController - ID: root@root.com가 로그인 시도
[2022-08-31 13:47:40:12840][http-nio-8080-exec-3] INFO  c.t.demo.controller.LoginController - Member join 실행 정상적으로 이뤄짐.
[2022-08-31 13:47:44:16766][http-nio-8080-exec-4] INFO  c.t.demo.controller.LoginController - ID: root@root.com가 로그인 시도
[2022-08-31 13:48:22:55252][SpringApplicationShutdownHook] INFO  o.s.o.j.LocalContainerEntityManagerFactoryBean - Closing JPA EntityManagerFactory for persistence unit 'default'
[2022-08-31 13:48:22:55254][SpringApplicationShutdownHook] INFO  com.zaxxer.hikari.HikariDataSource - HikariPool-1 - Shutdown initiated...
[2022-08-31 13:48:23:56620][SpringApplicationShutdownHook] INFO  com.zaxxer.hikari.HikariDataSource - HikariPool-1 - Shutdown completed.
[2022-08-31 13:48:25:220][restartedMain] INFO  com.toyproject.demo.DemoApplication - Starting DemoApplication using Java 18.0.1.1 on yangbyoungseok-ui-MacBookPro.local with PID 25552 (/Users/yangbyoungseok/IdeaProjects/DSFToyProject/build/classes/java/main started by yangbyoungseok in /Users/yangbyoungseok/IdeaProjects/DSFToyProject)
[2022-08-31 13:48:25:221][restartedMain] INFO  com.toyproject.demo.DemoApplication - No active profile set, falling back to 1 default profile: "default"
[2022-08-31 13:48:25:241][restartedMain] INFO  o.s.b.d.e.DevToolsPropertyDefaultsPostProcessor - Devtools property defaults active! Set 'spring.devtools.add-properties' to 'false' to disable
[2022-08-31 13:48:25:241][restartedMain] INFO  o.s.b.d.e.DevToolsPropertyDefaultsPostProcessor - For additional web related logging consider setting the 'logging.level.web' property to 'DEBUG'
[2022-08-31 13:48:25:466][restartedMain] INFO  o.s.d.r.c.RepositoryConfigurationDelegate - Bootstrapping Spring Data JPA repositories in DEFAULT mode.
[2022-08-31 13:48:25:483][restartedMain] INFO  o.s.d.r.c.RepositoryConfigurationDelegate - Finished Spring Data repository scanning in 7 ms. Found 0 JPA repository interfaces.
[2022-08-31 13:48:25:708][restartedMain] INFO  o.s.b.w.e.tomcat.TomcatWebServer - Tomcat initialized with port(s): 8080 (http)
[2022-08-31 13:48:25:712][restartedMain] INFO  o.a.coyote.http11.Http11NioProtocol - Initializing ProtocolHandler ["http-nio-8080"]
[2022-08-31 13:48:25:712][restartedMain] INFO  o.a.catalina.core.StandardService - Starting service [Tomcat]
[2022-08-31 13:48:25:712][restartedMain] INFO  o.a.catalina.core.StandardEngine - Starting Servlet engine: [Apache Tomcat/9.0.63]
[2022-08-31 13:48:25:734][restartedMain] INFO  o.a.c.c.C.[Tomcat].[localhost].[/] - Initializing Spring embedded WebApplicationContext
[2022-08-31 13:48:25:734][restartedMain] INFO  o.s.b.w.s.c.ServletWebServerApplicationContext - Root WebApplicationContext: initialization completed in 493 ms
[2022-08-31 13:48:25:798][restartedMain] INFO  o.h.jpa.internal.util.LogHelper - HHH000204: Processing PersistenceUnitInfo [name: default]
[2022-08-31 13:48:25:813][restartedMain] INFO  org.hibernate.Version - HHH000412: Hibernate ORM core version 5.6.9.Final
[2022-08-31 13:48:25:858][restartedMain] INFO  o.h.annotations.common.Version - HCANN000001: Hibernate Commons Annotations {5.1.2.Final}
[2022-08-31 13:48:25:885][restartedMain] INFO  com.zaxxer.hikari.HikariDataSource - HikariPool-1 - Starting...
[2022-08-31 13:48:27:2713][restartedMain] INFO  com.zaxxer.hikari.HikariDataSource - HikariPool-1 - Start completed.
[2022-08-31 13:48:27:2728][restartedMain] INFO  org.hibernate.dialect.Dialect - HHH000400: Using dialect: org.hibernate.dialect.MySQL8Dialect
[2022-08-31 13:48:29:4137][restartedMain] INFO  o.h.e.t.j.p.i.JtaPlatformInitiator - HHH000490: Using JtaPlatform implementation: [org.hibernate.engine.transaction.jta.platform.internal.NoJtaPlatform]
[2022-08-31 13:48:29:4143][restartedMain] INFO  o.s.o.j.LocalContainerEntityManagerFactoryBean - Initialized JPA EntityManagerFactory for persistence unit 'default'
[2022-08-31 13:48:29:4341][restartedMain] INFO  o.s.b.d.a.OptionalLiveReloadServer - LiveReload server is running on port 35729
[2022-08-31 13:48:29:4351][restartedMain] INFO  o.a.coyote.http11.Http11NioProtocol - Starting ProtocolHandler ["http-nio-8080"]
[2022-08-31 13:48:29:4358][restartedMain] INFO  o.s.b.w.e.tomcat.TomcatWebServer - Tomcat started on port(s): 8080 (http) with context path ''
[2022-08-31 13:48:29:4365][restartedMain] INFO  com.toyproject.demo.DemoApplication - Started DemoApplication in 4.287 seconds (JVM running for 4.508)
[2022-08-31 13:48:29:4859][http-nio-8080-exec-2] INFO  o.a.c.c.C.[Tomcat].[localhost].[/] - Initializing Spring DispatcherServlet 'dispatcherServlet'
[2022-08-31 13:48:29:4860][http-nio-8080-exec-2] INFO  o.s.web.servlet.DispatcherServlet - Initializing Servlet 'dispatcherServlet'
[2022-08-31 13:48:29:4860][http-nio-8080-exec-2] INFO  o.s.web.servlet.DispatcherServlet - Completed initialization in 0 ms
[2022-08-31 13:48:30:5868][http-nio-8080-exec-2] INFO  c.t.demo.controller.LoginController - Member join 실행 정상적으로 이뤄짐.
[2022-08-31 13:48:34:9663][http-nio-8080-exec-3] INFO  c.t.demo.controller.LoginController - ID: root@root.com가 로그인 시도
[2022-08-31 13:50:12:107157][SpringApplicationShutdownHook] INFO  o.s.o.j.LocalContainerEntityManagerFactoryBean - Closing JPA EntityManagerFactory for persistence unit 'default'
[2022-08-31 13:50:12:107158][SpringApplicationShutdownHook] INFO  com.zaxxer.hikari.HikariDataSource - HikariPool-1 - Shutdown initiated...
[2022-08-31 13:50:13:108536][SpringApplicationShutdownHook] INFO  com.zaxxer.hikari.HikariDataSource - HikariPool-1 - Shutdown completed.
[2022-08-31 13:50:15:224][restartedMain] INFO  com.toyproject.demo.DemoApplication - Starting DemoApplication using Java 18.0.1.1 on yangbyoungseok-ui-MacBookPro.local with PID 25582 (/Users/yangbyoungseok/IdeaProjects/DSFToyProject/build/classes/java/main started by yangbyoungseok in /Users/yangbyoungseok/IdeaProjects/DSFToyProject)
[2022-08-31 13:50:15:224][restartedMain] INFO  com.toyproject.demo.DemoApplication - No active profile set, falling back to 1 default profile: "default"
[2022-08-31 13:50:15:243][restartedMain] INFO  o.s.b.d.e.DevToolsPropertyDefaultsPostProcessor - Devtools property defaults active! Set 'spring.devtools.add-properties' to 'false' to disable
[2022-08-31 13:50:15:243][restartedMain] INFO  o.s.b.d.e.DevToolsPropertyDefaultsPostProcessor - For additional web related logging consider setting the 'logging.level.web' property to 'DEBUG'
[2022-08-31 13:50:15:473][restartedMain] INFO  o.s.d.r.c.RepositoryConfigurationDelegate - Bootstrapping Spring Data JPA repositories in DEFAULT mode.
[2022-08-31 13:50:15:480][restartedMain] INFO  o.s.d.r.c.RepositoryConfigurationDelegate - Finished Spring Data repository scanning in 3 ms. Found 0 JPA repository interfaces.
[2022-08-31 13:50:15:674][restartedMain] INFO  o.s.b.w.e.tomcat.TomcatWebServer - Tomcat initialized with port(s): 8080 (http)
[2022-08-31 13:50:15:678][restartedMain] INFO  o.a.coyote.http11.Http11NioProtocol - Initializing ProtocolHandler ["http-nio-8080"]
[2022-08-31 13:50:15:678][restartedMain] INFO  o.a.catalina.core.StandardService - Starting service [Tomcat]
[2022-08-31 13:50:15:678][restartedMain] INFO  o.a.catalina.core.StandardEngine - Starting Servlet engine: [Apache Tomcat/9.0.63]
[2022-08-31 13:50:15:704][restartedMain] INFO  o.a.c.c.C.[Tomcat].[localhost].[/] - Initializing Spring embedded WebApplicationContext
[2022-08-31 13:50:15:705][restartedMain] INFO  o.s.b.w.s.c.ServletWebServerApplicationContext - Root WebApplicationContext: initialization completed in 462 ms
[2022-08-31 13:50:15:765][restartedMain] INFO  o.h.jpa.internal.util.LogHelper - HHH000204: Processing PersistenceUnitInfo [name: default]
[2022-08-31 13:50:15:781][restartedMain] INFO  org.hibernate.Version - HHH000412: Hibernate ORM core version 5.6.9.Final
[2022-08-31 13:50:15:832][restartedMain] INFO  o.h.annotations.common.Version - HCANN000001: Hibernate Commons Annotations {5.1.2.Final}
[2022-08-31 13:50:15:856][restartedMain] INFO  com.zaxxer.hikari.HikariDataSource - HikariPool-1 - Starting...
[2022-08-31 13:50:17:2726][restartedMain] INFO  com.zaxxer.hikari.HikariDataSource - HikariPool-1 - Start completed.
[2022-08-31 13:50:17:2735][restartedMain] INFO  org.hibernate.dialect.Dialect - HHH000400: Using dialect: org.hibernate.dialect.MySQL8Dialect
[2022-08-31 13:50:19:4134][restartedMain] INFO  o.h.e.t.j.p.i.JtaPlatformInitiator - HHH000490: Using JtaPlatform implementation: [org.hibernate.engine.transaction.jta.platform.internal.NoJtaPlatform]
[2022-08-31 13:50:19:4143][restartedMain] INFO  o.s.o.j.LocalContainerEntityManagerFactoryBean - Initialized JPA EntityManagerFactory for persistence unit 'default'
[2022-08-31 13:50:19:4350][restartedMain] INFO  o.s.b.d.a.OptionalLiveReloadServer - LiveReload server is running on port 35729
[2022-08-31 13:50:19:4359][restartedMain] INFO  o.a.coyote.http11.Http11NioProtocol - Starting ProtocolHandler ["http-nio-8080"]
[2022-08-31 13:50:19:4365][restartedMain] INFO  o.s.b.w.e.tomcat.TomcatWebServer - Tomcat started on port(s): 8080 (http) with context path ''
[2022-08-31 13:50:19:4371][restartedMain] INFO  com.toyproject.demo.DemoApplication - Started DemoApplication in 4.287 seconds (JVM running for 4.64)
[2022-08-31 13:50:25:10215][http-nio-8080-exec-1] INFO  o.a.c.c.C.[Tomcat].[localhost].[/] - Initializing Spring DispatcherServlet 'dispatcherServlet'
[2022-08-31 13:50:25:10215][http-nio-8080-exec-1] INFO  o.s.web.servlet.DispatcherServlet - Initializing Servlet 'dispatcherServlet'
[2022-08-31 13:50:25:10216][http-nio-8080-exec-1] INFO  o.s.web.servlet.DispatcherServlet - Completed initialization in 1 ms
[2022-08-31 13:50:26:11267][http-nio-8080-exec-1] INFO  c.t.demo.controller.LoginController - Member join 실행 정상적으로 이뤄짐.
[2022-08-31 13:50:29:14989][http-nio-8080-exec-3] INFO  c.t.demo.controller.LoginController - ID: root@root.com가 로그인 시도
[2022-08-31 15:39:26:6551042][SpringApplicationShutdownHook] INFO  o.s.o.j.LocalContainerEntityManagerFactoryBean - Closing JPA EntityManagerFactory for persistence unit 'default'
[2022-08-31 15:39:26:6551045][SpringApplicationShutdownHook] INFO  com.zaxxer.hikari.HikariDataSource - HikariPool-1 - Shutdown initiated...
[2022-08-31 15:39:27:6552435][SpringApplicationShutdownHook] INFO  com.zaxxer.hikari.HikariDataSource - HikariPool-1 - Shutdown completed.
